<?xml version="1.0" encoding="UTF-8"?>
<testsuite xmlns:xsi="http://www.w3.org/2001/XMLSchema-instance" xsi:noNamespaceSchemaLocation="https://maven.apache.org/surefire/maven-surefire-plugin/xsd/surefire-test-report.xsd" name="TestSuite" time="82.657" tests="5" errors="0" skipped="0" failures="0">
  <properties>
    <property name="sun.desktop" value="windows"/>
    <property name="awt.toolkit" value="sun.awt.windows.WToolkit"/>
    <property name="file.encoding.pkg" value="sun.io"/>
    <property name="java.specification.version" value="1.8"/>
    <property name="sun.cpu.isalist" value="amd64"/>
    <property name="sun.jnu.encoding" value="GBK"/>
    <property name="java.class.path" value="D:\IdeaProjects\SeleniumDemo1701\target\test-classes;D:\IdeaProjects\SeleniumDemo1701\target\classes;D:\repository\org\seleniumhq\selenium\selenium-java\3.8.1\selenium-java-3.8.1.jar;D:\repository\org\seleniumhq\selenium\selenium-api\3.8.1\selenium-api-3.8.1.jar;D:\repository\org\seleniumhq\selenium\selenium-chrome-driver\3.8.1\selenium-chrome-driver-3.8.1.jar;D:\repository\org\seleniumhq\selenium\selenium-edge-driver\3.8.1\selenium-edge-driver-3.8.1.jar;D:\repository\org\seleniumhq\selenium\selenium-firefox-driver\3.8.1\selenium-firefox-driver-3.8.1.jar;D:\repository\org\seleniumhq\selenium\selenium-ie-driver\3.8.1\selenium-ie-driver-3.8.1.jar;D:\repository\org\seleniumhq\selenium\selenium-opera-driver\3.8.1\selenium-opera-driver-3.8.1.jar;D:\repository\org\seleniumhq\selenium\selenium-remote-driver\3.8.1\selenium-remote-driver-3.8.1.jar;D:\repository\org\seleniumhq\selenium\selenium-safari-driver\3.8.1\selenium-safari-driver-3.8.1.jar;D:\repository\org\seleniumhq\selenium\selenium-support\3.8.1\selenium-support-3.8.1.jar;D:\repository\net\bytebuddy\byte-buddy\1.7.5\byte-buddy-1.7.5.jar;D:\repository\org\apache\commons\commons-exec\1.3\commons-exec-1.3.jar;D:\repository\commons-codec\commons-codec\1.10\commons-codec-1.10.jar;D:\repository\commons-logging\commons-logging\1.2\commons-logging-1.2.jar;D:\repository\com\google\code\gson\gson\2.8.2\gson-2.8.2.jar;D:\repository\com\google\guava\guava\23.0\guava-23.0.jar;D:\repository\com\google\code\findbugs\jsr305\1.3.9\jsr305-1.3.9.jar;D:\repository\com\google\errorprone\error_prone_annotations\2.0.18\error_prone_annotations-2.0.18.jar;D:\repository\com\google\j2objc\j2objc-annotations\1.1\j2objc-annotations-1.1.jar;D:\repository\org\codehaus\mojo\animal-sniffer-annotations\1.14\animal-sniffer-annotations-1.14.jar;D:\repository\org\apache\httpcomponents\httpclient\4.5.3\httpclient-4.5.3.jar;D:\repository\org\apache\httpcomponents\httpcore\4.4.6\httpcore-4.4.6.jar;D:\repository\commons-io\commons-io\2.8.0\commons-io-2.8.0.jar;D:\repository\com\github\crab2died\Excel4J\3.0.0-Alpha\Excel4J-3.0.0-Alpha.jar;D:\repository\org\apache\poi\poi\3.17\poi-3.17.jar;D:\repository\org\apache\commons\commons-collections4\4.1\commons-collections4-4.1.jar;D:\repository\org\apache\poi\poi-ooxml\3.17\poi-ooxml-3.17.jar;D:\repository\org\apache\poi\poi-ooxml-schemas\3.17\poi-ooxml-schemas-3.17.jar;D:\repository\org\apache\xmlbeans\xmlbeans\2.6.0\xmlbeans-2.6.0.jar;D:\repository\stax\stax-api\1.0.1\stax-api-1.0.1.jar;D:\repository\com\github\virtuald\curvesapi\1.04\curvesapi-1.04.jar;D:\repository\org\apache\commons\commons-csv\1.6\commons-csv-1.6.jar;D:\repository\org\projectlombok\lombok\1.18.12\lombok-1.18.12.jar;D:\repository\org\testng\testng\6.9.10\testng-6.9.10.jar;D:\repository\com\beust\jcommander\1.48\jcommander-1.48.jar;D:\repository\org\beanshell\bsh\2.0b4\bsh-2.0b4.jar;D:\repository\com\codeborne\phantomjsdriver\1.4.0\phantomjsdriver-1.4.0.jar;"/>
    <property name="java.vm.vendor" value="Oracle Corporation"/>
    <property name="sun.arch.data.model" value="64"/>
    <property name="user.variant" value=""/>
    <property name="java.vendor.url" value="http://java.oracle.com/"/>
    <property name="user.timezone" value="Asia/Shanghai"/>
    <property name="java.vm.specification.version" value="1.8"/>
    <property name="os.name" value="Windows 10"/>
    <property name="user.country" value="CN"/>
    <property name="sun.java.launcher" value="SUN_STANDARD"/>
    <property name="sun.boot.library.path" value="C:\java\jre\bin"/>
    <property name="sun.java.command" value="C:\Users\86134\AppData\Local\Temp\surefire3527051604139997397\surefirebooter2357083519274391666.jar C:\Users\86134\AppData\Local\Temp\surefire3527051604139997397 2021-02-21T22-48-23_741-jvmRun1 surefire2835568153174856441tmp surefire_02299875286808939798tmp"/>
    <property name="surefire.test.class.path" value="D:\IdeaProjects\SeleniumDemo1701\target\test-classes;D:\IdeaProjects\SeleniumDemo1701\target\classes;D:\repository\org\seleniumhq\selenium\selenium-java\3.8.1\selenium-java-3.8.1.jar;D:\repository\org\seleniumhq\selenium\selenium-api\3.8.1\selenium-api-3.8.1.jar;D:\repository\org\seleniumhq\selenium\selenium-chrome-driver\3.8.1\selenium-chrome-driver-3.8.1.jar;D:\repository\org\seleniumhq\selenium\selenium-edge-driver\3.8.1\selenium-edge-driver-3.8.1.jar;D:\repository\org\seleniumhq\selenium\selenium-firefox-driver\3.8.1\selenium-firefox-driver-3.8.1.jar;D:\repository\org\seleniumhq\selenium\selenium-ie-driver\3.8.1\selenium-ie-driver-3.8.1.jar;D:\repository\org\seleniumhq\selenium\selenium-opera-driver\3.8.1\selenium-opera-driver-3.8.1.jar;D:\repository\org\seleniumhq\selenium\selenium-remote-driver\3.8.1\selenium-remote-driver-3.8.1.jar;D:\repository\org\seleniumhq\selenium\selenium-safari-driver\3.8.1\selenium-safari-driver-3.8.1.jar;D:\repository\org\seleniumhq\selenium\selenium-support\3.8.1\selenium-support-3.8.1.jar;D:\repository\net\bytebuddy\byte-buddy\1.7.5\byte-buddy-1.7.5.jar;D:\repository\org\apache\commons\commons-exec\1.3\commons-exec-1.3.jar;D:\repository\commons-codec\commons-codec\1.10\commons-codec-1.10.jar;D:\repository\commons-logging\commons-logging\1.2\commons-logging-1.2.jar;D:\repository\com\google\code\gson\gson\2.8.2\gson-2.8.2.jar;D:\repository\com\google\guava\guava\23.0\guava-23.0.jar;D:\repository\com\google\code\findbugs\jsr305\1.3.9\jsr305-1.3.9.jar;D:\repository\com\google\errorprone\error_prone_annotations\2.0.18\error_prone_annotations-2.0.18.jar;D:\repository\com\google\j2objc\j2objc-annotations\1.1\j2objc-annotations-1.1.jar;D:\repository\org\codehaus\mojo\animal-sniffer-annotations\1.14\animal-sniffer-annotations-1.14.jar;D:\repository\org\apache\httpcomponents\httpclient\4.5.3\httpclient-4.5.3.jar;D:\repository\org\apache\httpcomponents\httpcore\4.4.6\httpcore-4.4.6.jar;D:\repository\commons-io\commons-io\2.8.0\commons-io-2.8.0.jar;D:\repository\com\github\crab2died\Excel4J\3.0.0-Alpha\Excel4J-3.0.0-Alpha.jar;D:\repository\org\apache\poi\poi\3.17\poi-3.17.jar;D:\repository\org\apache\commons\commons-collections4\4.1\commons-collections4-4.1.jar;D:\repository\org\apache\poi\poi-ooxml\3.17\poi-ooxml-3.17.jar;D:\repository\org\apache\poi\poi-ooxml-schemas\3.17\poi-ooxml-schemas-3.17.jar;D:\repository\org\apache\xmlbeans\xmlbeans\2.6.0\xmlbeans-2.6.0.jar;D:\repository\stax\stax-api\1.0.1\stax-api-1.0.1.jar;D:\repository\com\github\virtuald\curvesapi\1.04\curvesapi-1.04.jar;D:\repository\org\apache\commons\commons-csv\1.6\commons-csv-1.6.jar;D:\repository\org\projectlombok\lombok\1.18.12\lombok-1.18.12.jar;D:\repository\org\testng\testng\6.9.10\testng-6.9.10.jar;D:\repository\com\beust\jcommander\1.48\jcommander-1.48.jar;D:\repository\org\beanshell\bsh\2.0b4\bsh-2.0b4.jar;D:\repository\com\codeborne\phantomjsdriver\1.4.0\phantomjsdriver-1.4.0.jar;"/>
    <property name="sun.cpu.endian" value="little"/>
    <property name="user.home" value="C:\Users\86134"/>
    <property name="user.language" value="zh"/>
    <property name="java.specification.vendor" value="Oracle Corporation"/>
    <property name="java.home" value="C:\java\jre"/>
    <property name="basedir" value="D:\IdeaProjects\SeleniumDemo1701"/>
    <property name="file.separator" value="\"/>
    <property name="line.separator" value="&#10;"/>
    <property name="java.vm.specification.vendor" value="Oracle Corporation"/>
    <property name="java.specification.name" value="Java Platform API Specification"/>
    <property name="java.awt.graphicsenv" value="sun.awt.Win32GraphicsEnvironment"/>
    <property name="surefire.real.class.path" value="C:\Users\86134\AppData\Local\Temp\surefire3527051604139997397\surefirebooter2357083519274391666.jar"/>
    <property name="sun.boot.class.path" value="C:\java\jre\lib\resources.jar;C:\java\jre\lib\rt.jar;C:\java\jre\lib\sunrsasign.jar;C:\java\jre\lib\jsse.jar;C:\java\jre\lib\jce.jar;C:\java\jre\lib\charsets.jar;C:\java\jre\lib\jfr.jar;C:\java\jre\classes"/>
    <property name="user.script" value=""/>
    <property name="sun.management.compiler" value="HotSpot 64-Bit Tiered Compilers"/>
    <property name="java.runtime.version" value="1.8.0_241-b07"/>
    <property name="user.name" value="86134"/>
    <property name="path.separator" value=";"/>
    <property name="os.version" value="10.0"/>
    <property name="java.endorsed.dirs" value="C:\java\jre\lib\endorsed"/>
    <property name="java.runtime.name" value="Java(TM) SE Runtime Environment"/>
    <property name="file.encoding" value="GBK"/>
    <property name="java.vm.name" value="Java HotSpot(TM) 64-Bit Server VM"/>
    <property name="localRepository" value="D:\repository"/>
    <property name="java.vendor.url.bug" value="http://bugreport.sun.com/bugreport/"/>
    <property name="java.io.tmpdir" value="C:\Users\86134\AppData\Local\Temp\"/>
    <property name="java.version" value="1.8.0_241"/>
    <property name="user.dir" value="D:\IdeaProjects\SeleniumDemo1701"/>
    <property name="os.arch" value="amd64"/>
    <property name="java.vm.specification.name" value="Java Virtual Machine Specification"/>
    <property name="java.awt.printerjob" value="sun.awt.windows.WPrinterJob"/>
    <property name="sun.os.patch.level" value=""/>
    <property name="java.library.path" value="C:\java\jre\bin;C:\WINDOWS\Sun\Java\bin;C:\WINDOWS\system32;C:\WINDOWS;D:\魏昭君\workSofeForZhaojun\apache-maven-3.6.2/bin;C:\java/bin;C:\java/bin;C:\Program Files (x86)\Common Files\Oracle\Java\javapath;C:\java\bin;C:\java\jre\bin;C:\Windows\system32;C:\Windows;C:\Windows\System32\Wbem;C:\Windows\System32\WindowsPowerShell\v1.0\;C:\Windows\System32\OpenSSH\;C:\Program Files (x86)\NVIDIA Corporation\PhysX\Common;C:\Program Files\NVIDIA Corporation\NVIDIA NvDLISR;C:\WINDOWS\system32;C:\WINDOWS;C:\WINDOWS\System32\Wbem;C:\WINDOWS\System32\WindowsPowerShell\v1.0\;C:\WINDOWS\System32\OpenSSH\;C:\Program Files\MySQL\MySQL Server 5.7\bin;D:\魏昭君\workSofeForZhaojun\apache-maven-3.6.2\bin;D:\allure\allure-2.13.3\bin;D:\Program Files\nodejs\;C:\Program Files\Common Files\Autodesk Shared\;&quot;D:\testing+develop\apache-jmeter-5.2.1\apache-jmeter-5.2.1\lib\ext\ApacheJMeter_core.jar;D:\testing+develop\apache-jmeter-5.2.1\apache-jmeter-5.2.1\lib\jorphan.jar;D:\testing+develop\apache-jmeter-5.2.1\apache-jmeter-5.2.1\lib\logkit-1.2.jar;&quot;;D:\Program Files\Git\cmd;C:\Users\86134\AppData\Local\Microsoft\WindowsApps;C:\Users\86134\AppData\Roaming\npm;."/>
    <property name="java.vm.info" value="mixed mode"/>
    <property name="java.vendor" value="Oracle Corporation"/>
    <property name="java.vm.version" value="25.241-b07"/>
    <property name="java.ext.dirs" value="C:\java\jre\lib\ext;C:\WINDOWS\Sun\Java\lib\ext"/>
    <property name="sun.io.unicode.encoding" value="UnicodeLittle"/>
    <property name="java.class.version" value="52.0"/>
  </properties>
  <testcase name="loginError" classname="com.qizi.day3.register" time="3.285"/>
  <testcase name="loginSucess" classname="com.qizi.day3.register" time="5.793"/>
  <testcase name="registerCase" classname="com.qizi.day3.register" time="5.588"/>
  <testcase name="registerCaseWithPO" classname="com.qizi.day3.register" time="5.519"/>
  <testcase name="testOpen" classname="com.qizi.day3.register" time="8.668"/>
</testsuite>