<?xml version="1.0" encoding="UTF-8"?>
<!-- Generated by org.testng.reporters.JUnitReportReporter -->
<testsuite hostname="LAPTOP-Q3C4HNI3" name="com.qizi.day3.register" tests="5" failures="0" timestamp="21 Feb 2021 14:49:47 GMT" time="81.853" errors="0">
  <testcase name="loginSucess" time="16.156" classname="com.qizi.day3.register"/>
  <testcase name="registerCase" time="17.785" classname="com.qizi.day3.register"/>
  <testcase name="loginError" time="13.250" classname="com.qizi.day3.register"/>
  <testcase name="registerCaseWithPO" time="16.031" classname="com.qizi.day3.register"/>
  <testcase name="testOpen" time="18.631" classname="com.qizi.day3.register"/>
</testsuite> <!-- com.qizi.day3.register -->
